--- Startup times for process: Primary (or UI client) ---

times in msec
 clock   self+sourced   self:  sourced script
 clock   elapsed:              other lines

000.001  000.001: --- NVIM STARTING ---
000.108  000.107: event init
000.550  000.442: early init
000.940  000.389: locale set
000.974  000.034: init first window
015.482  014.508: inits 1
015.491  000.009: window checked
015.495  000.004: parsing arguments
016.151  000.040  000.040: require('vim.shared')
016.233  000.032  000.032: require('vim.inspect')
016.273  000.031  000.031: require('vim._options')
016.276  000.121  000.058: require('vim._editor')
016.277  000.192  000.031: require('vim._init_packages')
016.279  000.591: init lua interpreter
020.034  003.754: nvim_ui_attach
020.419  000.386: nvim_set_client_info
020.421  000.002: --- NVIM STARTED ---

--- Startup times for process: Embedded ---

times in msec
 clock   self+sourced   self:  sourced script
 clock   elapsed:              other lines

000.000  000.000: --- NVIM STARTING ---
000.058  000.058: event init
000.168  000.110: early init
000.489  000.321: locale set
000.514  000.025: init first window
000.877  000.363: inits 1
000.893  000.016: window checked
000.902  000.008: parsing arguments
001.332  000.035  000.035: require('vim.shared')
001.407  000.029  000.029: require('vim.inspect')
001.442  000.028  000.028: require('vim._options')
001.444  000.109  000.052: require('vim._editor')
001.446  000.170  000.026: require('vim._init_packages')
001.448  000.376: init lua interpreter
003.364  001.917: expanding arguments
003.374  000.009: inits 2
003.626  000.253: init highlight
003.627  000.001: waiting for UI
003.730  000.102: done waiting for UI
003.733  000.003: clear screen
003.844  000.017  000.017: require('vim.keymap')
004.870  000.155  000.155: sourcing nvim_exec2()
005.049  001.314  001.142: require('vim._defaults')
005.050  000.003: init default mappings & autocommands
005.744  000.227  000.227: sourcing /opt/homebrew/Cellar/neovim/0.11.1/share/nvim/runtime/ftplugin.vim
005.967  000.135  000.135: sourcing /opt/homebrew/Cellar/neovim/0.11.1/share/nvim/runtime/indent.vim
007.430  000.665  000.665: require('lazy')
007.482  000.037  000.037: require('ffi')
007.524  000.025  000.025: require('vim.fs')
007.834  000.308  000.308: require('vim.uri')
007.844  000.360  000.028: require('vim.loader')
008.160  000.296  000.296: require('lazy.stats')
008.596  000.403  000.403: require('lazy.core.util')
008.783  000.186  000.186: require('lazy.core.config')
009.149  000.133  000.133: require('lazy.core.handler')
009.756  000.268  000.268: require('lazy.pkg')
009.760  000.406  000.138: require('lazy.core.meta')
009.767  000.617  000.211: require('lazy.core.plugin')
009.774  000.989  000.239: require('lazy.core.loader')
010.629  000.156  000.156: require('lazy.core.fragments')
012.468  000.315  000.315: require('lazyvim.util')
012.478  000.906  000.591: require('lazyvim.config')
013.449  000.573  000.573: require('lazyvim.config.options')
013.697  000.221  000.221: require('config.options')
013.863  000.152  000.152: require('lazyvim.util.plugin')
014.046  000.181  000.181: require('lazyvim.util.deprecated')
014.165  000.117  000.117: require('lazyvim.util.inject')
014.293  000.126  000.126: require('lazy.core.handler.event')
015.861  000.146  000.146: require('vim.version')
017.654  000.221  000.221: require('lazyvim.util.pick')
018.813  000.128  000.128: require('lazy.core.handler.cmd')
018.944  000.129  000.129: require('lazy.core.handler.keys')
019.102  000.156  000.156: require('lazy.core.handler.ft')
020.985  000.005  000.005: sourcing nvim_exec2() called at /Users/rajin/.config/nvim/init.lua:0
020.994  000.001  000.001: sourcing nvim_exec2() called at /Users/rajin/.config/nvim/init.lua:0
021.669  000.034  000.034: sourcing nvim_exec2() called at /opt/homebrew/Cellar/neovim/0.11.1/share/nvim/runtime/filetype.lua:0
021.671  000.207  000.173: sourcing /opt/homebrew/Cellar/neovim/0.11.1/share/nvim/runtime/filetype.lua
021.673  000.260  000.053: sourcing nvim_exec2() called at /Users/rajin/.config/nvim/init.lua:0
022.584  000.100  000.100: require('vim.treesitter.language')
022.681  000.095  000.095: require('vim.func')
022.780  000.096  000.096: require('vim.func._memoize')
022.794  000.591  000.301: require('vim.treesitter.query')
022.798  001.055  000.464: require('nvim-treesitter.query_predicates')
022.907  000.002  000.002: sourcing nvim_exec2() called at /Users/rajin/.config/nvim/init.lua:0
022.912  000.001  000.001: sourcing nvim_exec2() called at /Users/rajin/.config/nvim/init.lua:0
023.014  000.092  000.092: require('lazyvim')
023.362  000.001  000.001: sourcing nvim_exec2() called at /Users/rajin/.config/nvim/init.lua:0
023.367  000.001  000.001: sourcing nvim_exec2() called at /Users/rajin/.config/nvim/init.lua:0
023.719  000.102  000.102: require('tokyonight.config')
023.720  000.341  000.239: require('tokyonight')
023.727  000.702  000.358: require('tokyonight')
023.948  000.118  000.118: require('tokyonight.util')
023.950  000.220  000.102: require('tokyonight.theme')
024.165  000.125  000.125: require('tokyonight.colors')
024.549  000.122  000.122: require('tokyonight.hsluv')
024.909  000.129  000.129: require('tokyonight.groups')
026.816  000.323  000.323: require('snacks')
026.817  000.399  000.077: sourcing /Users/rajin/.local/share/nvim/lazy/snacks.nvim/plugin/snacks.lua
026.820  000.443  000.044: sourcing nvim_exec2() called at /Users/rajin/.config/nvim/init.lua:0
026.825  000.001  000.001: sourcing nvim_exec2() called at /Users/rajin/.config/nvim/init.lua:0
026.831  000.001  000.001: sourcing nvim_exec2() called at /Users/rajin/.config/nvim/init.lua:0
027.101  000.001  000.001: sourcing nvim_exec2() called at /Users/rajin/.config/nvim/init.lua:0
027.107  000.001  000.001: sourcing nvim_exec2() called at /Users/rajin/.config/nvim/init.lua:0
027.378  000.086  000.086: sourcing /opt/homebrew/Cellar/neovim/0.11.1/share/nvim/runtime/plugin/editorconfig.lua
027.381  000.132  000.046: sourcing nvim_exec2() called at /Users/rajin/.config/nvim/init.lua:0
027.497  000.072  000.072: sourcing /opt/homebrew/Cellar/neovim/0.11.1/share/nvim/runtime/plugin/man.lua
027.499  000.114  000.042: sourcing nvim_exec2() called at /Users/rajin/.config/nvim/init.lua:0
028.221  000.251  000.251: sourcing /opt/homebrew/Cellar/neovim/0.11.1/share/nvim/runtime/pack/dist/opt/matchit/plugin/matchit.vim
028.233  000.689  000.438: sourcing /opt/homebrew/Cellar/neovim/0.11.1/share/nvim/runtime/plugin/matchit.vim
028.235  000.730  000.041: sourcing nvim_exec2() called at /Users/rajin/.config/nvim/init.lua:0
028.462  000.184  000.184: sourcing /opt/homebrew/Cellar/neovim/0.11.1/share/nvim/runtime/plugin/matchparen.vim
028.464  000.226  000.041: sourcing nvim_exec2() called at /Users/rajin/.config/nvim/init.lua:0
029.158  000.271  000.271: sourcing /opt/homebrew/Cellar/neovim/0.11.1/share/nvim/runtime/pack/dist/opt/netrw/plugin/netrwPlugin.vim
029.168  000.661  000.390: sourcing /opt/homebrew/Cellar/neovim/0.11.1/share/nvim/runtime/plugin/netrwPlugin.vim
029.170  000.702  000.041: sourcing nvim_exec2() called at /Users/rajin/.config/nvim/init.lua:0
029.298  000.077  000.077: sourcing /opt/homebrew/Cellar/neovim/0.11.1/share/nvim/runtime/plugin/osc52.lua
029.301  000.127  000.050: sourcing nvim_exec2() called at /Users/rajin/.config/nvim/init.lua:0
029.531  000.180  000.180: sourcing /opt/homebrew/Cellar/neovim/0.11.1/share/nvim/runtime/plugin/rplugin.vim
029.533  000.229  000.049: sourcing nvim_exec2() called at /Users/rajin/.config/nvim/init.lua:0
029.728  000.144  000.144: sourcing /opt/homebrew/Cellar/neovim/0.11.1/share/nvim/runtime/plugin/shada.vim
029.730  000.192  000.048: sourcing nvim_exec2() called at /Users/rajin/.config/nvim/init.lua:0
030.237  000.457  000.457: sourcing /opt/homebrew/Cellar/neovim/0.11.1/share/nvim/runtime/plugin/spellfile.vim
030.239  000.506  000.049: sourcing nvim_exec2() called at /Users/rajin/.config/nvim/init.lua:0
030.323  024.108  011.843: require('config.lazy')
030.325  024.242  000.134: sourcing /Users/rajin/.config/nvim/init.lua
030.333  000.679: sourcing vimrc file(s)
030.552  000.036  000.036: sourcing /opt/homebrew/Cellar/neovim/0.11.1/share/nvim/runtime/filetype.lua
030.987  000.155  000.155: sourcing /opt/homebrew/Cellar/neovim/0.11.1/share/nvim/runtime/syntax/synload.vim
031.028  000.397  000.242: sourcing /opt/homebrew/Cellar/neovim/0.11.1/share/nvim/runtime/syntax/syntax.vim
031.035  000.269: inits 3
031.782  000.746: reading ShaDa
031.837  000.056: opening buffers
032.012  000.162  000.162: require('snacks.explorer')
032.030  000.032: BufEnter autocommands
032.032  000.002: editing files in windows
032.056  000.024: VimEnter autocommands
033.025  000.565  000.565: require('snacks.util')
033.066  000.959  000.394: require('snacks.dashboard')
033.440  000.218  000.218: require('lazyvim.util.ui')
035.298  000.295  000.295: require('snacks.scroll')
035.419  000.111  000.111: require('snacks.animate')
035.763  000.098  000.098: require('vim.ui')
035.797  000.282  000.185: require('snacks.input')
036.016  000.217  000.217: require('snacks.scope')
036.196  000.108  000.108: require('snacks.picker')
036.303  000.105  000.105: require('snacks.picker.config')
036.528  000.224  000.224: require('snacks.picker.config.highlights')
036.658  000.129  000.129: require('snacks.picker.config.defaults')
036.941  000.281  000.281: require('snacks.picker.config.sources')
037.056  000.114  000.114: require('snacks.picker.config.layouts')
038.503  000.111  000.111: require('vim.termcap')
038.517  000.008  000.008: require('vim.text')
038.532  003.314: UIEnter autocommands
038.533  000.001: before starting main loop
038.592  000.003  000.003: require('vim.F')
039.018  000.482: first screen update
039.019  000.001: --- NVIM STARTED ---

